# JRE version: 7.0_05-b05
# Java VM: Java HotSpot(TM) 64-Bit Server VM (23.1-b03 mixed mode linux-amd64 compressed oops)
Heap
 PSYoungGen      total 63936K, used 31969K [0x00000000ec160000, 0x00000000f0240000, 0x0000000100000000)
  eden space 61440K, 47% used [0x00000000ec160000,0x00000000ede2c660,0x00000000efd60000)
  from space 2496K, 99% used [0x00000000effd0000,0x00000000f023c010,0x00000000f0240000)
  to   space 2496K, 0% used [0x00000000efd60000,0x00000000efd60000,0x00000000effd0000)
 ParOldGen       total 40832K, used 5308K [0x00000000c4400000, 0x00000000c6be0000, 0x00000000ec160000)
  object space 40832K, 13% used [0x00000000c4400000,0x00000000c492f140,0x00000000c6be0000)
 PSPermGen       total 22784K, used 22647K [0x00000000bf200000, 0x00000000c0840000, 0x00000000c4400000)
  object space 22784K, 99% used [0x00000000bf200000,0x00000000c081de28,0x00000000c0840000)
GC Heap History (8 events):
Event: 0.550 GC heap before
{Heap before GC invocations=1 (full 0):
 PSYoungGen      total 17856K, used 15360K [0x00000000ec160000, 0x00000000ed540000, 0x0000000100000000)
  eden space 15360K, 100% used [0x00000000ec160000,0x00000000ed060000,0x00000000ed060000)
  from space 2496K, 0% used [0x00000000ed2d0000,0x00000000ed2d0000,0x00000000ed540000)
  to   space 2496K, 0% used [0x00000000ed060000,0x00000000ed060000,0x00000000ed2d0000)
 ParOldGen       total 40832K, used 0K [0x00000000c4400000, 0x00000000c6be0000, 0x00000000ec160000)
  object space 40832K, 0% used [0x00000000c4400000,0x00000000c4400000,0x00000000c6be0000)
 PSPermGen       total 21248K, used 10215K [0x00000000bf200000, 0x00000000c06c0000, 0x00000000c4400000)
  object space 21248K, 48% used [0x00000000bf200000,0x00000000bfbf9cd8,0x00000000c06c0000)
Event: 0.561 GC heap after
Heap after GC invocations=1 (full 0):
 PSYoungGen      total 17856K, used 2480K [0x00000000ec160000, 0x00000000ee440000, 0x0000000100000000)
  eden space 15360K, 0% used [0x00000000ec160000,0x00000000ec160000,0x00000000ed060000)
  from space 2496K, 99% used [0x00000000ed060000,0x00000000ed2cc010,0x00000000ed2d0000)
  to   space 2496K, 0% used [0x00000000ee1d0000,0x00000000ee1d0000,0x00000000ee440000)
 ParOldGen       total 40832K, used 16K [0x00000000c4400000, 0x00000000c6be0000, 0x00000000ec160000)
  object space 40832K, 0% used [0x00000000c4400000,0x00000000c4404000,0x00000000c6be0000)
 PSPermGen       total 21248K, used 10215K [0x00000000bf200000, 0x00000000c06c0000, 0x00000000c4400000)
  object space 21248K, 48% used [0x00000000bf200000,0x00000000bfbf9cd8,0x00000000c06c0000)
}
Event: 1.009 GC heap before
{Heap before GC invocations=2 (full 0):
 PSYoungGen      total 17856K, used 17840K [0x00000000ec160000, 0x00000000ee440000, 0x0000000100000000)
  eden space 15360K, 100% used [0x00000000ec160000,0x00000000ed060000,0x00000000ed060000)
  from space 2496K, 99% used [0x00000000ed060000,0x00000000ed2cc010,0x00000000ed2d0000)
  to   space 2496K, 0% used [0x00000000ee1d0000,0x00000000ee1d0000,0x00000000ee440000)
 ParOldGen       total 40832K, used 16K [0x00000000c4400000, 0x00000000c6be0000, 0x00000000ec160000)
  object space 40832K, 0% used [0x00000000c4400000,0x00000000c4404000,0x00000000c6be0000)
 PSPermGen       total 21248K, used 16473K [0x00000000bf200000, 0x00000000c06c0000, 0x00000000c4400000)
  object space 21248K, 77% used [0x00000000bf200000,0x00000000c02167c0,0x00000000c06c0000)
Event: 1.027 GC heap after
Heap after GC invocations=2 (full 0):
 PSYoungGen      total 33216K, used 2464K [0x00000000ec160000, 0x00000000ee440000, 0x0000000100000000)
  eden space 30720K, 0% used [0x00000000ec160000,0x00000000ec160000,0x00000000edf60000)
  from space 2496K, 98% used [0x00000000ee1d0000,0x00000000ee438020,0x00000000ee440000)
  to   space 2496K, 0% used [0x00000000edf60000,0x00000000edf60000,0x00000000ee1d0000)
 ParOldGen       total 40832K, used 2176K [0x00000000c4400000, 0x00000000c6be0000, 0x00000000ec160000)
  object space 40832K, 5% used [0x00000000c4400000,0x00000000c46201c8,0x00000000c6be0000)
 PSPermGen       total 21248K, used 16473K [0x00000000bf200000, 0x00000000c06c0000, 0x00000000c4400000)
  object space 21248K, 77% used [0x00000000bf200000,0x00000000c02167c0,0x00000000c06c0000)
}
Event: 1.407 GC heap before
{Heap before GC invocations=3 (full 0):
 PSYoungGen      total 33216K, used 33184K [0x00000000ec160000, 0x00000000ee440000, 0x0000000100000000)
  eden space 30720K, 100% used [0x00000000ec160000,0x00000000edf60000,0x00000000edf60000)
  from space 2496K, 98% used [0x00000000ee1d0000,0x00000000ee438020,0x00000000ee440000)
  to   space 2496K, 0% used [0x00000000edf60000,0x00000000edf60000,0x00000000ee1d0000)
 ParOldGen       total 40832K, used 2176K [0x00000000c4400000, 0x00000000c6be0000, 0x00000000ec160000)
  object space 40832K, 5% used [0x00000000c4400000,0x00000000c46201c8,0x00000000c6be0000)
 PSPermGen       total 21248K, used 20847K [0x00000000bf200000, 0x00000000c06c0000, 0x00000000c4400000)
  object space 21248K, 98% used [0x00000000bf200000,0x00000000c065bc58,0x00000000c06c0000)
Event: 1.428 GC heap after
Heap after GC invocations=3 (full 0):
 PSYoungGen      total 33216K, used 2480K [0x00000000ec160000, 0x00000000f0240000, 0x0000000100000000)
  eden space 30720K, 0% used [0x00000000ec160000,0x00000000ec160000,0x00000000edf60000)
  from space 2496K, 99% used [0x00000000edf60000,0x00000000ee1cc010,0x00000000ee1d0000)
  to   space 2496K, 0% used [0x00000000effd0000,0x00000000effd0000,0x00000000f0240000)
 ParOldGen       total 40832K, used 4295K [0x00000000c4400000, 0x00000000c6be0000, 0x00000000ec160000)
  object space 40832K, 10% used [0x00000000c4400000,0x00000000c4831ca8,0x00000000c6be0000)
 PSPermGen       total 21248K, used 20847K [0x00000000bf200000, 0x00000000c06c0000, 0x00000000c4400000)
  object space 21248K, 98% used [0x00000000bf200000,0x00000000c065bc58,0x00000000c06c0000)
}
Event: 1.839 GC heap before
{Heap before GC invocations=4 (full 0):
 PSYoungGen      total 33216K, used 33200K [0x00000000ec160000, 0x00000000f0240000, 0x0000000100000000)
  eden space 30720K, 100% used [0x00000000ec160000,0x00000000edf60000,0x00000000edf60000)
  from space 2496K, 99% used [0x00000000edf60000,0x00000000ee1cc010,0x00000000ee1d0000)
  to   space 2496K, 0% used [0x00000000effd0000,0x00000000effd0000,0x00000000f0240000)
 ParOldGen       total 40832K, used 4295K [0x00000000c4400000, 0x00000000c6be0000, 0x00000000ec160000)
  object space 40832K, 10% used [0x00000000c4400000,0x00000000c4831ca8,0x00000000c6be0000)
 PSPermGen       total 22784K, used 22632K [0x00000000bf200000, 0x00000000c0840000, 0x00000000c4400000)
  object space 22784K, 99% used [0x00000000bf200000,0x00000000c081a200,0x00000000c0840000)
Event: 1.857 GC heap after
Heap after GC invocations=4 (full 0):
 PSYoungGen      total 63936K, used 2480K [0x00000000ec160000, 0x00000000f0240000, 0x0000000100000000)
  eden space 61440K, 0% used [0x00000000ec160000,0x00000000ec160000,0x00000000efd60000)
  from space 2496K, 99% used [0x00000000effd0000,0x00000000f023c010,0x00000000f0240000)
  to   space 2496K, 0% used [0x00000000efd60000,0x00000000efd60000,0x00000000effd0000)
 ParOldGen       total 40832K, used 5308K [0x00000000c4400000, 0x00000000c6be0000, 0x00000000ec160000)
  object space 40832K, 13% used [0x00000000c4400000,0x00000000c492f140,0x00000000c6be0000)
 PSPermGen       total 22784K, used 22632K [0x00000000bf200000, 0x00000000c0840000, 0x00000000c4400000)
  object space 22784K, 99% used [0x00000000bf200000,0x00000000c081a200,0x00000000c0840000)
}

