# JRE version: 7.0_05-b05
# Java VM: Java HotSpot(TM) 64-Bit Server VM (23.1-b03 mixed mode linux-amd64 compressed oops)
Heap
 PSYoungGen      total 33216K, used 12898K [0x00000000ec160000, 0x00000000f0240000, 0x0000000100000000)
  eden space 30720K, 33% used [0x00000000ec160000,0x00000000ecb8ca88,0x00000000edf60000)
  from space 2496K, 99% used [0x00000000edf60000,0x00000000ee1cc010,0x00000000ee1d0000)
  to   space 2496K, 0% used [0x00000000effd0000,0x00000000effd0000,0x00000000f0240000)
 ParOldGen       total 40832K, used 4596K [0x00000000c4400000, 0x00000000c6be0000, 0x00000000ec160000)
  object space 40832K, 11% used [0x00000000c4400000,0x00000000c487d310,0x00000000c6be0000)
 PSPermGen       total 22208K, used 22152K [0x00000000bf200000, 0x00000000c07b0000, 0x00000000c4400000)
  object space 22208K, 99% used [0x00000000bf200000,0x00000000c07a2220,0x00000000c07b0000)
GC Heap History (6 events):
Event: 0.535 GC heap before
{Heap before GC invocations=1 (full 0):
 PSYoungGen      total 17856K, used 15360K [0x00000000ec160000, 0x00000000ed540000, 0x0000000100000000)
  eden space 15360K, 100% used [0x00000000ec160000,0x00000000ed060000,0x00000000ed060000)
  from space 2496K, 0% used [0x00000000ed2d0000,0x00000000ed2d0000,0x00000000ed540000)
  to   space 2496K, 0% used [0x00000000ed060000,0x00000000ed060000,0x00000000ed2d0000)
 ParOldGen       total 40832K, used 0K [0x00000000c4400000, 0x00000000c6be0000, 0x00000000ec160000)
  object space 40832K, 0% used [0x00000000c4400000,0x00000000c4400000,0x00000000c6be0000)
 PSPermGen       total 21248K, used 10241K [0x00000000bf200000, 0x00000000c06c0000, 0x00000000c4400000)
  object space 21248K, 48% used [0x00000000bf200000,0x00000000bfc00730,0x00000000c06c0000)
Event: 0.546 GC heap after
Heap after GC invocations=1 (full 0):
 PSYoungGen      total 17856K, used 2480K [0x00000000ec160000, 0x00000000ee440000, 0x0000000100000000)
  eden space 15360K, 0% used [0x00000000ec160000,0x00000000ec160000,0x00000000ed060000)
  from space 2496K, 99% used [0x00000000ed060000,0x00000000ed2cc010,0x00000000ed2d0000)
  to   space 2496K, 0% used [0x00000000ee1d0000,0x00000000ee1d0000,0x00000000ee440000)
 ParOldGen       total 40832K, used 16K [0x00000000c4400000, 0x00000000c6be0000, 0x00000000ec160000)
  object space 40832K, 0% used [0x00000000c4400000,0x00000000c4404000,0x00000000c6be0000)
 PSPermGen       total 21248K, used 10241K [0x00000000bf200000, 0x00000000c06c0000, 0x00000000c4400000)
  object space 21248K, 48% used [0x00000000bf200000,0x00000000bfc00730,0x00000000c06c0000)
}
Event: 0.966 GC heap before
{Heap before GC invocations=2 (full 0):
 PSYoungGen      total 17856K, used 17840K [0x00000000ec160000, 0x00000000ee440000, 0x0000000100000000)
  eden space 15360K, 100% used [0x00000000ec160000,0x00000000ed060000,0x00000000ed060000)
  from space 2496K, 99% used [0x00000000ed060000,0x00000000ed2cc010,0x00000000ed2d0000)
  to   space 2496K, 0% used [0x00000000ee1d0000,0x00000000ee1d0000,0x00000000ee440000)
 ParOldGen       total 40832K, used 16K [0x00000000c4400000, 0x00000000c6be0000, 0x00000000ec160000)
  object space 40832K, 0% used [0x00000000c4400000,0x00000000c4404000,0x00000000c6be0000)
 PSPermGen       total 21248K, used 16500K [0x00000000bf200000, 0x00000000c06c0000, 0x00000000c4400000)
  object space 21248K, 77% used [0x00000000bf200000,0x00000000c021d0c0,0x00000000c06c0000)
Event: 0.984 GC heap after
Heap after GC invocations=2 (full 0):
 PSYoungGen      total 33216K, used 2464K [0x00000000ec160000, 0x00000000ee440000, 0x0000000100000000)
  eden space 30720K, 0% used [0x00000000ec160000,0x00000000ec160000,0x00000000edf60000)
  from space 2496K, 98% used [0x00000000ee1d0000,0x00000000ee438020,0x00000000ee440000)
  to   space 2496K, 0% used [0x00000000edf60000,0x00000000edf60000,0x00000000ee1d0000)
 ParOldGen       total 40832K, used 2156K [0x00000000c4400000, 0x00000000c6be0000, 0x00000000ec160000)
  object space 40832K, 5% used [0x00000000c4400000,0x00000000c461b1b8,0x00000000c6be0000)
 PSPermGen       total 21248K, used 16500K [0x00000000bf200000, 0x00000000c06c0000, 0x00000000c4400000)
  object space 21248K, 77% used [0x00000000bf200000,0x00000000c021d0c0,0x00000000c06c0000)
}
Event: 3.703 GC heap before
{Heap before GC invocations=3 (full 0):
 PSYoungGen      total 33216K, used 33184K [0x00000000ec160000, 0x00000000ee440000, 0x0000000100000000)
  eden space 30720K, 100% used [0x00000000ec160000,0x00000000edf60000,0x00000000edf60000)
  from space 2496K, 98% used [0x00000000ee1d0000,0x00000000ee438020,0x00000000ee440000)
  to   space 2496K, 0% used [0x00000000edf60000,0x00000000edf60000,0x00000000ee1d0000)
 ParOldGen       total 40832K, used 2156K [0x00000000c4400000, 0x00000000c6be0000, 0x00000000ec160000)
  object space 40832K, 5% used [0x00000000c4400000,0x00000000c461b1b8,0x00000000c6be0000)
 PSPermGen       total 22208K, used 22078K [0x00000000bf200000, 0x00000000c07b0000, 0x00000000c4400000)
  object space 22208K, 99% used [0x00000000bf200000,0x00000000c078f810,0x00000000c07b0000)
Event: 3.723 GC heap after
Heap after GC invocations=3 (full 0):
 PSYoungGen      total 33216K, used 2480K [0x00000000ec160000, 0x00000000f0240000, 0x0000000100000000)
  eden space 30720K, 0% used [0x00000000ec160000,0x00000000ec160000,0x00000000edf60000)
  from space 2496K, 99% used [0x00000000edf60000,0x00000000ee1cc010,0x00000000ee1d0000)
  to   space 2496K, 0% used [0x00000000effd0000,0x00000000effd0000,0x00000000f0240000)
 ParOldGen       total 40832K, used 4596K [0x00000000c4400000, 0x00000000c6be0000, 0x00000000ec160000)
  object space 40832K, 11% used [0x00000000c4400000,0x00000000c487d310,0x00000000c6be0000)
 PSPermGen       total 22208K, used 22078K [0x00000000bf200000, 0x00000000c07b0000, 0x00000000c4400000)
  object space 22208K, 99% used [0x00000000bf200000,0x00000000c078f810,0x00000000c07b0000)
}

